0 info it worked if it ends with ok
1 verbose cli [ 'C:\\Program Files\\nodejs\\\\node.exe',
1 verbose cli   'C:\\Program Files\\nodejs\\node_modules\\npm\\bin\\npm-cli.js',
1 verbose cli   'run',
1 verbose cli   'watch' ]
2 info using npm@2.11.3
3 info using node@v0.12.7
4 verbose stack Error: ENOENT, open 'D:\p2p\package.json'
4 verbose stack     at Error (native)
5 verbose cwd D:\p2p
6 error Windows_NT 6.3.9600
7 error argv "C:\\Program Files\\nodejs\\\\node.exe" "C:\\Program Files\\nodejs\\node_modules\\npm\\bin\\npm-cli.js" "run" "watch"
8 error node v0.12.7
9 error npm  v2.11.3
10 error path D:\p2p\package.json
11 error code ENOENT
12 error errno -4058
13 error enoent ENOENT, open 'D:\p2p\package.json'
13 error enoent This is most likely not a problem with npm itself
13 error enoent and is related to npm not being able to find a file.
14 verbose exit [ -4058, true ]
